21:34:41  INFO Version:        0.2.1
21:34:41  INFO Repository:     https://github.com/matter-labs/anvil-zksync
21:34:41  INFO Rich Accounts
21:34:41  INFO ========================
21:34:41  INFO (0) 0xf39Fd6e51aad88F6F4ce6aB8827279cffFb92266 (10000 ETH)
21:34:41  INFO (1) 0x70997970C51812dc3A010C7d01b50e0d17dc79C8 (10000 ETH)
21:34:41  INFO (2) 0x3C44CdDdB6a900fa2b585dd299e03d12FA4293BC (10000 ETH)
21:34:41  INFO (3) 0x90F79bf6EB2c4f870365E785982E1f101E93b906 (10000 ETH)
21:34:41  INFO (4) 0x15d34AAf54267DB7D7c367839AAf71A00a2C6A65 (10000 ETH)
21:34:41  INFO (5) 0x9965507D1a55bcC2695C58ba16FB37d819B0A4dc (10000 ETH)
21:34:41  INFO (6) 0x976EA74026E726554dB657fA54763abd0C3a0aa9 (10000 ETH)
21:34:41  INFO (7) 0x14dC79964da2C08b23698B3D3cc7Ca32193d9955 (10000 ETH)
21:34:41  INFO (8) 0x23618e81E3f5cdF7f54C3d65f7FBc0aBf5B21E8f (10000 ETH)
21:34:41  INFO (9) 0xa0Ee7A142d267C1f36714E4a8F75612F20a79720 (10000 ETH)
21:34:41  INFO Private Keys
21:34:41  INFO ========================
21:34:41  INFO (0) 0xac0974bec39a17e36ba4a6b4d238ff944bacb478cbed5efcae784d7bf4f2ff80
21:34:41  INFO (1) 0x59c6995e998f97a5a0044966f0945389dc9e86dae88c7a8412f4603b6b78690d
21:34:41  INFO (2) 0x5de4111afa1a4b94908f83103eb1f1706367c2e68ca870fc3fb9a804cdab365a
21:34:41  INFO (3) 0x7c852118294e51e653712a81e05800f419141751be58f605c371e15141b007a6
21:34:41  INFO (4) 0x47e179ec197488593b187f80a00eb0da91f1b9d0b13f8733639f19c30a34926a
21:34:41  INFO (5) 0x8b3a350cf5c34c9194ca85829a2df0ec3153be0318b5e2d3348e872092edffba
21:34:41  INFO (6) 0x92db14e403b83dfe3df233f83dfa3a0d7096f21ca9b0d6d6b8d88b2b4ec1564e
21:34:41  INFO (7) 0x4bbbf85ce3377467afe5d46f804f221813b2bb87f24d81f60f1fcdbf7cbf4356
21:34:41  INFO (8) 0xdbda1821b80551c9d65939329250298aa3472ba22feea921c0cf5d620ea67b97
21:34:41  INFO (9) 0x2a871d0798f97d79848a013d4936a73bf4cc922c825d33c1cf7073dff6d409c6
21:34:41  INFO Wallet
21:34:41  INFO ========================
21:34:41  INFO Mnemonic:            test test test test test test test test test test test junk
21:34:41  INFO Derivation path:     m/44'/60'/0'/0/0
21:34:41  INFO Network Configuration
21:34:41  INFO ========================
21:34:41  INFO Chain ID: 260
21:34:41  INFO Gas Configuration
21:34:41  INFO ========================
21:34:41  INFO L1 Gas Price (gwei):               14.93236408 gwei
21:34:41  INFO L2 Gas Price (gwei):               0.04525000 gwei
21:34:41  INFO L1 Pubdata Price (gwei):           0.00000000 gwei
21:34:41  INFO Estimated Gas Price Scale Factor:  2
21:34:41  INFO Estimated Gas Limit Scale Factor:  1.3
21:34:41  INFO Genesis Timestamp
21:34:41  INFO ========================
21:34:41  INFO 1000
21:34:41  INFO Node Configuration
21:34:41  INFO ========================
21:34:41  INFO Port:               8011
21:34:41  INFO EVM Emulator:       Disabled
21:34:41  INFO Health Check Endpoint: Disabled
21:34:41  INFO ========================================
21:34:41  INFO   Listening on 127.0.0.1:8011
21:34:41  INFO ========================================
21:34:52  INFO 
21:34:52  INFO Validating 0x392b34a2afb9b0adcdde2047c8c7eab4c3c15885755a5d78757e7d877caf2832
21:34:52  INFO Executing 0x392b34a2afb9b0adcdde2047c8c7eab4c3c15885755a5d78757e7d877caf2832
21:34:52  INFO 
21:34:52  INFO ✅  [SUCCESS] Hash: 0x392b34a2afb9b0adcdde2047c8c7eab4c3c15885755a5d78757e7d877caf2832
21:34:52  INFO Initiator: 0x64f47eed3dc749d13e49291d46ea8378755fb6df
21:34:52  INFO Payer: 0x64f47eed3dc749d13e49291d46ea8378755fb6df
21:34:52  INFO Gas Limit: 233_047 | Used: 150_037 | Refunded: 83_010
21:34:52  INFO Paid: 0.0000067892 ETH (150037 gas * 0.04525000 gwei)
21:34:52  INFO Refunded: 0.0000037562 ETH
21:34:52  INFO 
21:34:52  INFO 
21:34:52  INFO ==== Console logs: 
21:34:52  INFO 
21:34:52  INFO Call: SUCCESS
21:34:52  INFO Output: "0x"
21:34:52  INFO 
21:34:52  INFO ==== Console logs: 
